<?xml version="1.0" encoding="UTF-8"?>
<coverage generated="1701035735252" clover="3.2.0">
  <project timestamp="1701035735252" name="All files">
    <metrics statements="21" coveredstatements="1" conditionals="9" coveredconditionals="0" methods="4" coveredmethods="0" elements="34" coveredelements="1" complexity="0" loc="21" ncloc="21" packages="2" files="3" classes="3"/>
    <package name="components">
      <metrics statements="21" coveredstatements="1" conditionals="9" coveredconditionals="0" methods="4" coveredmethods="0"/>
      <file name="BaseButton.tsx" path="/Users/sranjit/Sideprojects/bikespace-v2/bikespace_frontend/src/components/BaseButton.tsx">
        <metrics statements="1" coveredstatements="0" conditionals="2" coveredconditionals="0" methods="1" coveredmethods="0"/>
        <line num="13" count="0" type="stmt"/>
      </file>
      <file name="Issue.tsx" path="/Users/sranjit/Sideprojects/bikespace-v2/bikespace_frontend/src/components/Issue.tsx">
        <metrics statements="20" coveredstatements="1" conditionals="7" coveredconditionals="0" methods="3" coveredmethods="0"/>
        <line num="5" count="1" type="stmt"/>
        <line num="6" count="0" type="stmt"/>
        <line num="7" count="0" type="stmt"/>
        <line num="8" count="0" type="stmt"/>
        <line num="11" count="0" type="cond" truecount="0" falsecount="5"/>
        <line num="13" count="0" type="stmt"/>
        <line num="14" count="0" type="stmt"/>
        <line num="16" count="0" type="stmt"/>
        <line num="17" count="0" type="stmt"/>
        <line num="19" count="0" type="stmt"/>
        <line num="20" count="0" type="stmt"/>
        <line num="22" count="0" type="stmt"/>
        <line num="23" count="0" type="stmt"/>
        <line num="25" count="0" type="stmt"/>
        <line num="26" count="0" type="stmt"/>
        <line num="30" count="0" type="cond" truecount="0" falsecount="2"/>
        <line num="31" count="0" type="stmt"/>
        <line num="33" count="0" type="stmt"/>
        <line num="35" count="0" type="stmt"/>
        <line num="38" count="0" type="stmt"/>
      </file>
    </package>
    <package name="interfaces">
      <metrics statements="0" coveredstatements="0" conditionals="0" coveredconditionals="0" methods="0" coveredmethods="0"/>
      <file name="Submission.tsx" path="/Users/sranjit/Sideprojects/bikespace-v2/bikespace_frontend/src/interfaces/Submission.tsx">
        <metrics statements="0" coveredstatements="0" conditionals="0" coveredconditionals="0" methods="0" coveredmethods="0"/>
      </file>
    </package>
  </project>
</coverage>
