{"/Users/sranjit/Sideprojects/bikespace-v2/bikespace_frontend/src/components/BaseButton.tsx": {"path":"/Users/sranjit/Sideprojects/bikespace-v2/bikespace_frontend/src/components/BaseButton.tsx","statementMap":{"0":{"start":{"line":13,"column":4},"end":{"line":26,"column":6}}},"fnMap":{"0":{"name":"(anonymous_0)","decl":{"start":{"line":12,"column":2},"end":{"line":12,"column":3}},"loc":{"start":{"line":12,"column":28},"end":{"line":27,"column":3}},"line":12}},"branchMap":{"0":{"loc":{"start":{"line":15,"column":34},"end":{"line":15,"column":67}},"type":"cond-expr","locations":[{"start":{"line":15,"column":54},"end":{"line":15,"column":62}},{"start":{"line":15,"column":65},"end":{"line":15,"column":67}}],"line":15}},"s":{"0":0},"f":{"0":0},"b":{"0":[0,0]},"_coverageSchema":"1a1c01bbd47fc00a2c39e90264f33305004495a9","hash":"b5f2508aab9c91ae93e9eed8605b382c5ed69d4d"}
,"/Users/sranjit/Sideprojects/bikespace-v2/bikespace_frontend/src/components/Issue.tsx": {"path":"/Users/sranjit/Sideprojects/bikespace-v2/bikespace_frontend/src/components/Issue.tsx","statementMap":{"0":{"start":{"line":5,"column":14},"end":{"line":91,"column":1}},"1":{"start":{"line":6,"column":17},"end":{"line":6,"column":29}},"2":{"start":{"line":7,"column":22},"end":{"line":36,"column":3}},"3":{"start":{"line":8,"column":4},"end":{"line":8,"column":23}},"4":{"start":{"line":11,"column":4},"end":{"line":27,"column":5}},"5":{"start":{"line":13,"column":8},"end":{"line":13,"column":42}},"6":{"start":{"line":14,"column":8},"end":{"line":14,"column":14}},"7":{"start":{"line":16,"column":8},"end":{"line":16,"column":35}},"8":{"start":{"line":17,"column":8},"end":{"line":17,"column":14}},"9":{"start":{"line":19,"column":8},"end":{"line":19,"column":38}},"10":{"start":{"line":20,"column":8},"end":{"line":20,"column":14}},"11":{"start":{"line":22,"column":8},"end":{"line":22,"column":40}},"12":{"start":{"line":23,"column":8},"end":{"line":23,"column":14}},"13":{"start":{"line":25,"column":8},"end":{"line":25,"column":36}},"14":{"start":{"line":26,"column":8},"end":{"line":26,"column":14}},"15":{"start":{"line":30,"column":4},"end":{"line":34,"column":5}},"16":{"start":{"line":31,"column":6},"end":{"line":31,"column":40}},"17":{"start":{"line":33,"column":6},"end":{"line":33,"column":69}},"18":{"start":{"line":33,"column":47},"end":{"line":33,"column":66}},"19":{"start":{"line":35,"column":4},"end":{"line":35,"column":37}},"20":{"start":{"line":38,"column":2},"end":{"line":90,"column":4}}},"fnMap":{"0":{"name":"(anonymous_0)","decl":{"start":{"line":5,"column":14},"end":{"line":5,"column":15}},"loc":{"start":{"line":5,"column":96},"end":{"line":91,"column":1}},"line":5},"1":{"name":"(anonymous_1)","decl":{"start":{"line":7,"column":22},"end":{"line":7,"column":23}},"loc":{"start":{"line":7,"column":66},"end":{"line":36,"column":3}},"line":7},"2":{"name":"(anonymous_2)","decl":{"start":{"line":33,"column":36},"end":{"line":33,"column":37}},"loc":{"start":{"line":33,"column":47},"end":{"line":33,"column":66}},"line":33}},"branchMap":{"0":{"loc":{"start":{"line":11,"column":4},"end":{"line":27,"column":5}},"type":"switch","locations":[{"start":{"line":12,"column":6},"end":{"line":14,"column":14}},{"start":{"line":15,"column":6},"end":{"line":17,"column":14}},{"start":{"line":18,"column":6},"end":{"line":20,"column":14}},{"start":{"line":21,"column":6},"end":{"line":23,"column":14}},{"start":{"line":24,"column":6},"end":{"line":26,"column":14}}],"line":11},"1":{"loc":{"start":{"line":30,"column":4},"end":{"line":34,"column":5}},"type":"if","locations":[{"start":{"line":30,"column":4},"end":{"line":34,"column":5}},{"start":{"line":32,"column":11},"end":{"line":34,"column":5}}],"line":30}},"s":{"0":1,"1":0,"2":0,"3":0,"4":0,"5":0,"6":0,"7":0,"8":0,"9":0,"10":0,"11":0,"12":0,"13":0,"14":0,"15":0,"16":0,"17":0,"18":0,"19":0,"20":0},"f":{"0":0,"1":0,"2":0},"b":{"0":[0,0,0,0,0],"1":[0,0]},"_coverageSchema":"1a1c01bbd47fc00a2c39e90264f33305004495a9","hash":"aa12121b7e863b18b824a4f3ff8da8f3e3c6755f"}
,"/Users/sranjit/Sideprojects/bikespace-v2/bikespace_frontend/src/interfaces/Submission.tsx": {"path":"/Users/sranjit/Sideprojects/bikespace-v2/bikespace_frontend/src/interfaces/Submission.tsx","statementMap":{},"fnMap":{},"branchMap":{},"s":{},"f":{},"b":{},"_coverageSchema":"1a1c01bbd47fc00a2c39e90264f33305004495a9","hash":"e093536ef39b2a7d51d959ee69b8535dc9de959f"}
}
